>seq1
UAAUUAUCGGGAACAGUGUUUCCCAUAAUUU-
>seq2
UAAUUAUCGGAAGCAGUGCCUUCCAUAAUUA-
>seq3
UAUUUAUCAGUGACAGAGUUCACUAUAAAUG-
>seq4
UAGCCAUCAGAGCCAGUGUGUUUCUAUGGUUU
>seq5
ACCUCAUCUUUGUCAGUGCACAAAAUGGCGC-
>seq6
ACAUUAUCGGGAGCAGUGUCUUCCAUAAUGU-
>seq7
GUACAAUCCUCGGCAGUGUCCUGAGACUGUAU
>seq8
CCAACUUCAGCUACAGUGUUAGCUAAGUUUG-
>seq9
UAAUUAUCGGGAGCAGUGUCUUCCAUAAUUA-
>seq10
ACAUUAUCGGAAGCAGUGUCUUCCAUAAUGA-
>seq11
ACGUUAUCGGGAGCAGUGUCUCCCAUAAUGC-
>seq12
UAAUUAUCGGGAACAGCGCUUCCCAUAAUUU-
>seq13
UAAUUAUCGGGGACAGCGUUUCCCAUAAUUU-
>seq14
CCAUUAUCGGGAGCAGUGUCUUCCAUAAUGA-
>seq15
AAGUUAUCGGGAACAGAGAUUCCCAUAAUUU-
>seq16
UAAUUAUCGGGGACAGUGUUUCCCAUAAUUG-
>seq17
CCGACUUCAGCUACAGUGCUAGCUAAGUCGG-
>seq18
UGAUUAUCGGGGGCAGUGUCUCCCAUAAUCC-
>seq19
UAUUUAUCAGUGACAGCGAUCACUAUAAAUG-
>seq20
ACGUUAUCGGAAGCAGUGCCUUCCAUAAUUA-
>seq21
GGAUUAUCGGAAGCAGUGACUUCCAUAAUUU-
>seq22
CCGACUUCAGCUACAGUGUUGGCUAAGUUUG-
>seq23
UUUUUAUCGGGAGCAGUGCCUUCCAUAAUAA-
>seq24
AUGCAAUCCUCGGCAGUGUCCUGAGACUGCGU
>seq25
ACUUCAUCUUUGUCAGUGCACAAAAUGGCGC-
>seq26
CCGACUUCAGCUACAGUGCUAGCUAAGUUUG-
>seq27
CCGACUUCAGCUACAGUGUUAGCUAAGUUAG-
>seq28
UCAUUAUCGGGAGCAGUGUCUCCCAUAAUGU-
>seq29
UAAUUAUCGGAAGCAGUGCCUUCCAUAAUUG-
>seq30
GAUUAUCGGAAGCAGUGCCUUCCAUAAUC---
((((((((()()..))().)()..)).).).)